2026-06-06 20:27:26.850 +05:30 [ERR] An error occurred using the connection to database 'propertyManagement' on server 'tcp://localhost:5432'.
2026-06-06 20:27:27.380 +05:30 [INF] Executed DbCommand (349ms) [Parameters=[], CommandType='"Text"', CommandTimeout='30']
CREATE DATABASE "propertyManagement";
2026-06-06 20:27:27.411 +05:30 [INF] Executed DbCommand (2ms) [Parameters=[], CommandType='"Text"', CommandTimeout='30']
SELECT 1
2026-06-06 20:27:27.437 +05:30 [INF] Executed DbCommand (5ms) [Parameters=[], CommandType='"Text"', CommandTimeout='30']
CREATE TABLE IF NOT EXISTS "__EFMigrationsHistory" (
    "MigrationId" character varying(150) NOT NULL,
    "ProductVersion" character varying(32) NOT NULL,
    CONSTRAINT "PK___EFMigrationsHistory" PRIMARY KEY ("MigrationId")
);
2026-06-06 20:27:27.442 +05:30 [INF] Acquiring an exclusive lock for migration application. See https://aka.ms/efcore-docs-migrations-lock for more information if this takes too long.
2026-06-06 20:27:27.443 +05:30 [INF] Executed DbCommand (0ms) [Parameters=[], CommandType='"Text"', CommandTimeout='30']
LOCK TABLE "__EFMigrationsHistory" IN ACCESS EXCLUSIVE MODE
2026-06-06 20:27:27.444 +05:30 [INF] Executed DbCommand (1ms) [Parameters=[], CommandType='"Text"', CommandTimeout='30']
SELECT "MigrationId", "ProductVersion"
FROM "__EFMigrationsHistory"
ORDER BY "MigrationId";
2026-06-06 20:27:27.449 +05:30 [INF] Applying migration '20260604071833_InitialCreateWithUuid'.
2026-06-06 20:27:27.503 +05:30 [INF] Executed DbCommand (9ms) [Parameters=[], CommandType='"Text"', CommandTimeout='30']
CREATE TABLE charge_statuses (
    id integer GENERATED BY DEFAULT AS IDENTITY,
    name character varying,
    CONSTRAINT charge_statuses_pkey PRIMARY KEY (id)
);
2026-06-06 20:27:27.513 +05:30 [INF] Executed DbCommand (9ms) [Parameters=[], CommandType='"Text"', CommandTimeout='30']
CREATE TABLE charge_types (
    id integer GENERATED BY DEFAULT AS IDENTITY,
    name character varying,
    CONSTRAINT charge_types_pkey PRIMARY KEY (id)
);
2026-06-06 20:27:27.519 +05:30 [INF] Executed DbCommand (6ms) [Parameters=[], CommandType='"Text"', CommandTimeout='30']
CREATE TABLE complaint_priorities (
    id integer GENERATED BY DEFAULT AS IDENTITY,
    name character varying,
    CONSTRAINT complaint_priorities_pkey PRIMARY KEY (id)
);
2026-06-06 20:27:27.526 +05:30 [INF] Executed DbCommand (6ms) [Parameters=[], CommandType='"Text"', CommandTimeout='30']
CREATE TABLE complaint_statuses (
    id integer GENERATED BY DEFAULT AS IDENTITY,
    name character varying,
    CONSTRAINT complaint_statuses_pkey PRIMARY KEY (id)
);
2026-06-06 20:27:27.531 +05:30 [INF] Executed DbCommand (5ms) [Parameters=[], CommandType='"Text"', CommandTimeout='30']
CREATE TABLE complaint_types (
    id integer GENERATED BY DEFAULT AS IDENTITY,
    name character varying,
    CONSTRAINT complaint_types_pkey PRIMARY KEY (id)
);
2026-06-06 20:27:27.539 +05:30 [INF] Executed DbCommand (8ms) [Parameters=[], CommandType='"Text"', CommandTimeout='30']
CREATE TABLE countries (
    id integer GENERATED BY DEFAULT AS IDENTITY,
    name character varying,
    CONSTRAINT countries_pkey PRIMARY KEY (id)
);
2026-06-06 20:27:27.543 +05:30 [INF] Executed DbCommand (3ms) [Parameters=[], CommandType='"Text"', CommandTimeout='30']
CREATE TABLE currencies (
    id integer GENERATED BY DEFAULT AS IDENTITY,
    code character varying(10),
    name character varying(50),
    CONSTRAINT currencies_pkey PRIMARY KEY (id)
);
2026-06-06 20:27:27.545 +05:30 [INF] Executed DbCommand (2ms) [Parameters=[], CommandType='"Text"', CommandTimeout='30']
CREATE TABLE document_types (
    id integer GENERATED BY DEFAULT AS IDENTITY,
    name character varying(50),
    CONSTRAINT document_types_pkey PRIMARY KEY (id)
);
2026-06-06 20:27:27.549 +05:30 [INF] Executed DbCommand (4ms) [Parameters=[], CommandType='"Text"', CommandTimeout='30']
CREATE TABLE lease_statuses (
    id integer GENERATED BY DEFAULT AS IDENTITY,
    name character varying,
    CONSTRAINT lease_statuses_pkey PRIMARY KEY (id)
);
2026-06-06 20:27:27.553 +05:30 [INF] Executed DbCommand (4ms) [Parameters=[], CommandType='"Text"', CommandTimeout='30']
CREATE TABLE lease_types (
    id integer GENERATED BY DEFAULT AS IDENTITY,
    name character varying,
    CONSTRAINT lease_types_pkey PRIMARY KEY (id)
);
2026-06-06 20:27:27.556 +05:30 [INF] Executed DbCommand (3ms) [Parameters=[], CommandType='"Text"', CommandTimeout='30']
CREATE TABLE owner_types (
    id integer GENERATED BY DEFAULT AS IDENTITY,
    name character varying(50),
    CONSTRAINT owner_types_pkey PRIMARY KEY (id)
);
2026-06-06 20:27:27.560 +05:30 [INF] Executed DbCommand (4ms) [Parameters=[], CommandType='"Text"', CommandTimeout='30']
CREATE TABLE payment_methods (
    id integer GENERATED BY DEFAULT AS IDENTITY,
    name character varying(50) NOT NULL,
    category character varying(30) NOT NULL,
    description text,
    created_at timestamp without time zone,
    updated_at timestamp without time zone,
    deleted_at timestamp without time zone,
    CONSTRAINT payment_methods_pkey PRIMARY KEY (id)
);
2026-06-06 20:27:27.564 +05:30 [INF] Executed DbCommand (4ms) [Parameters=[], CommandType='"Text"', CommandTimeout='30']
CREATE TABLE payment_statuses (
    id integer GENERATED BY DEFAULT AS IDENTITY,
    name character varying,
    CONSTRAINT payment_statuses_pkey PRIMARY KEY (id)
);
2026-06-06 20:27:27.567 +05:30 [INF] Executed DbCommand (3ms) [Parameters=[], CommandType='"Text"', CommandTimeout='30']
CREATE TABLE profile_types (
    id integer GENERATED BY DEFAULT AS IDENTITY,
    name character varying(50) NOT NULL,
    description text,
    CONSTRAINT profile_types_pkey PRIMARY KEY (id)
);
2026-06-06 20:27:27.570 +05:30 [INF] Executed DbCommand (2ms) [Parameters=[], CommandType='"Text"', CommandTimeout='30']
CREATE TABLE property_statuses (
    id integer GENERATED BY DEFAULT AS IDENTITY,
    name character varying(30),
    CONSTRAINT property_statuses_pkey PRIMARY KEY (id)
);
2026-06-06 20:27:27.573 +05:30 [INF] Executed DbCommand (4ms) [Parameters=[], CommandType='"Text"', CommandTimeout='30']
CREATE TABLE proposal_statuses (
    id integer GENERATED BY DEFAULT AS IDENTITY,
    name character varying,
    CONSTRAINT proposal_statuses_pkey PRIMARY KEY (id)
);
2026-06-06 20:27:27.577 +05:30 [INF] Executed DbCommand (3ms) [Parameters=[], CommandType='"Text"', CommandTimeout='30']
CREATE TABLE roles (
    id integer GENERATED BY DEFAULT AS IDENTITY,
    name character varying(100) NOT NULL,
    created_at timestamp without time zone,
    updated_at timestamp without time zone,
    deleted_at timestamp without time zone,
    CONSTRAINT roles_pkey PRIMARY KEY (id)
);
2026-06-06 20:27:27.580 +05:30 [INF] Executed DbCommand (3ms) [Parameters=[], CommandType='"Text"', CommandTimeout='30']
CREATE TABLE users (
    id uuid NOT NULL,
    first_name character varying(50) NOT NULL,
    last_name character varying(50) NOT NULL,
    email character varying(255) NOT NULL,
    phone character varying(20) NOT NULL,
    password_hash character varying(100) NOT NULL,
    date_of_birth date NOT NULL,
    created_at timestamp without time zone,
    updated_at timestamp without time zone,
    deleted_at timestamp without time zone,
    CONSTRAINT users_pkey PRIMARY KEY (id)
);
2026-06-06 20:27:27.586 +05:30 [INF] Executed DbCommand (5ms) [Parameters=[], CommandType='"Text"', CommandTimeout='30']
CREATE TABLE charges (
    id uuid NOT NULL,
    "desc" text,
    charge_type_id integer,
    amount numeric(12,2),
    status_id integer,
    due_date timestamp without time zone,
    created_at timestamp without time zone,
    CONSTRAINT charges_pkey PRIMARY KEY (id),
    CONSTRAINT charges_charge_type_id_fkey FOREIGN KEY (charge_type_id) REFERENCES charge_types (id),
    CONSTRAINT charges_status_id_fkey FOREIGN KEY (status_id) REFERENCES charge_statuses (id)
);
2026-06-06 20:27:27.589 +05:30 [INF] Executed DbCommand (4ms) [Parameters=[], CommandType='"Text"', CommandTimeout='30']
CREATE TABLE states (
    id integer GENERATED BY DEFAULT AS IDENTITY,
    country_id integer,
    name character varying,
    CONSTRAINT states_pkey PRIMARY KEY (id),
    CONSTRAINT states_country_id_fkey FOREIGN KEY (country_id) REFERENCES countries (id)
);
2026-06-06 20:27:27.593 +05:30 [INF] Executed DbCommand (3ms) [Parameters=[], CommandType='"Text"', CommandTimeout='30']
CREATE TABLE documents (
    id uuid NOT NULL,
    document_type_id integer,
    document_number character varying(50),
    document_url text,
    created_at timestamp without time zone,
    CONSTRAINT documents_pkey PRIMARY KEY (id),
    CONSTRAINT documents_document_type_id_fkey FOREIGN KEY (document_type_id) REFERENCES document_types (id)
);
2026-06-06 20:27:27.597 +05:30 [INF] Executed DbCommand (4ms) [Parameters=[], CommandType='"Text"', CommandTimeout='30']
CREATE TABLE payments (
    id uuid NOT NULL,
    transaction_ref character varying,
    amount numeric(12,2),
    currency_id integer,
    paid_by uuid,
    payment_method_id integer,
    status_id integer,
    paid_at timestamp without time zone,
    created_at timestamp without time zone,
    CONSTRAINT payments_pkey PRIMARY KEY (id),
    CONSTRAINT payments_currency_id_fkey FOREIGN KEY (currency_id) REFERENCES currencies (id),
    CONSTRAINT payments_paid_by_fkey FOREIGN KEY (paid_by) REFERENCES users (id),
    CONSTRAINT payments_payment_method_id_fkey FOREIGN KEY (payment_method_id) REFERENCES payment_methods (id),
    CONSTRAINT payments_status_id_fkey FOREIGN KEY (status_id) REFERENCES payment_statuses (id)
);
2026-06-06 20:27:27.600 +05:30 [INF] Executed DbCommand (3ms) [Parameters=[], CommandType='"Text"', CommandTimeout='30']
CREATE TABLE user_profiles (
    user_id uuid NOT NULL,
    profile_type_id integer NOT NULL,
    created_at timestamp without time zone,
    updated_at timestamp without time zone,
    CONSTRAINT user_profiles_pkey PRIMARY KEY (user_id),
    CONSTRAINT user_profiles_profile_type_id_fkey FOREIGN KEY (profile_type_id) REFERENCES profile_types (id),
    CONSTRAINT user_profiles_user_id_fkey FOREIGN KEY (user_id) REFERENCES users (id)
);
2026-06-06 20:27:27.604 +05:30 [INF] Executed DbCommand (4ms) [Parameters=[], CommandType='"Text"', CommandTimeout='30']
CREATE TABLE user_roles (
    id integer GENERATED BY DEFAULT AS IDENTITY,
    user_id uuid,
    role_id integer,
    created_at timestamp without time zone,
    updated_at timestamp without time zone,
    deleted_at timestamp without time zone,
    CONSTRAINT user_roles_pkey PRIMARY KEY (id),
    CONSTRAINT user_roles_role_id_fkey FOREIGN KEY (role_id) REFERENCES roles (id),
    CONSTRAINT user_roles_user_id_fkey FOREIGN KEY (user_id) REFERENCES users (id)
);
2026-06-06 20:27:27.608 +05:30 [INF] Executed DbCommand (4ms) [Parameters=[], CommandType='"Text"', CommandTimeout='30']
CREATE TABLE districts (
    id integer GENERATED BY DEFAULT AS IDENTITY,
    state_id integer,
    name character varying,
    CONSTRAINT districts_pkey PRIMARY KEY (id),
    CONSTRAINT districts_state_id_fkey FOREIGN KEY (state_id) REFERENCES states (id)
);
2026-06-06 20:27:27.611 +05:30 [INF] Executed DbCommand (3ms) [Parameters=[], CommandType='"Text"', CommandTimeout='30']
CREATE TABLE user_documents (
    user_id uuid NOT NULL,
    document_id uuid NOT NULL,
    CONSTRAINT user_documents_pkey PRIMARY KEY (user_id, document_id),
    CONSTRAINT user_documents_document_id_fkey FOREIGN KEY (document_id) REFERENCES documents (id),
    CONSTRAINT user_documents_user_id_fkey FOREIGN KEY (user_id) REFERENCES users (id)
);
2026-06-06 20:27:27.614 +05:30 [INF] Executed DbCommand (3ms) [Parameters=[], CommandType='"Text"', CommandTimeout='30']
CREATE TABLE charge_payments (
    charge_id uuid NOT NULL,
    payment_id uuid NOT NULL,
    amount_applied numeric(12,2),
    CONSTRAINT charge_payments_pkey PRIMARY KEY (charge_id, payment_id),
    CONSTRAINT charge_payments_charge_id_fkey FOREIGN KEY (charge_id) REFERENCES charges (id),
    CONSTRAINT charge_payments_payment_id_fkey FOREIGN KEY (payment_id) REFERENCES payments (id)
);
2026-06-06 20:27:27.617 +05:30 [INF] Executed DbCommand (3ms) [Parameters=[], CommandType='"Text"', CommandTimeout='30']
CREATE TABLE owner_profiles (
    user_id uuid NOT NULL,
    owner_type_id integer,
    organization_name character varying(100),
    gstin character varying(15),
    CONSTRAINT owner_profiles_pkey PRIMARY KEY (user_id),
    CONSTRAINT owner_profiles_owner_type_id_fkey FOREIGN KEY (owner_type_id) REFERENCES owner_types (id),
    CONSTRAINT owner_profiles_user_id_fkey FOREIGN KEY (user_id) REFERENCES user_profiles (user_id)
);
2026-06-06 20:27:27.619 +05:30 [INF] Executed DbCommand (2ms) [Parameters=[], CommandType='"Text"', CommandTimeout='30']
CREATE TABLE tenant_profiles (
    user_id uuid NOT NULL,
    monthly_income numeric(12,2),
    occupation character varying(100),
    emergency_contact_name character varying(100),
    emergency_contact_number character varying(20),
    CONSTRAINT tenant_profiles_pkey PRIMARY KEY (user_id),
    CONSTRAINT tenant_profiles_user_id_fkey FOREIGN KEY (user_id) REFERENCES user_profiles (user_id)
);
2026-06-06 20:27:27.623 +05:30 [INF] Executed DbCommand (4ms) [Parameters=[], CommandType='"Text"', CommandTimeout='30']
CREATE TABLE cities (
    id integer GENERATED BY DEFAULT AS IDENTITY,
    district_id integer,
    name character varying,
    CONSTRAINT cities_pkey PRIMARY KEY (id),
    CONSTRAINT cities_district_id_fkey FOREIGN KEY (district_id) REFERENCES districts (id)
);
2026-06-06 20:27:27.632 +05:30 [INF] Executed DbCommand (9ms) [Parameters=[], CommandType='"Text"', CommandTimeout='30']
CREATE TABLE properties (
    id integer GENERATED BY DEFAULT AS IDENTITY,
    owner_id uuid NOT NULL,
    title character varying(200),
    description text,
    status_id integer,
    city_id integer,
    address_line character varying(255),
    latitude numeric(10,7),
    longitude numeric(10,7),
    thumbnail_img_url character varying(255),
    monthly_rent numeric(12,2) NOT NULL,
    upfront_payment numeric(12,2) NOT NULL,
    security_deposit numeric(12,2) NOT NULL,
    created_at timestamp without time zone,
    updated_at timestamp without time zone,
    deleted_at timestamp without time zone,
    CONSTRAINT properties_pkey PRIMARY KEY (id),
    CONSTRAINT properties_city_id_fkey FOREIGN KEY (city_id) REFERENCES cities (id),
    CONSTRAINT properties_owner_id_fkey FOREIGN KEY (owner_id) REFERENCES users (id),
    CONSTRAINT properties_status_id_fkey FOREIGN KEY (status_id) REFERENCES property_statuses (id)
);
2026-06-06 20:27:27.637 +05:30 [INF] Executed DbCommand (5ms) [Parameters=[], CommandType='"Text"', CommandTimeout='30']
CREATE TABLE complaints (
    id uuid NOT NULL,
    tenant_id uuid,
    property_id integer,
    complaint_type_id integer,
    status_id integer,
    priority_id integer,
    title character varying(200),
    description text,
    resolved_at timestamp without time zone,
    resolved_by uuid,
    CONSTRAINT complaints_pkey PRIMARY KEY (id),
    CONSTRAINT complaints_complaint_type_id_fkey FOREIGN KEY (complaint_type_id) REFERENCES complaint_types (id),
    CONSTRAINT complaints_priority_id_fkey FOREIGN KEY (priority_id) REFERENCES complaint_priorities (id),
    CONSTRAINT complaints_property_id_fkey FOREIGN KEY (property_id) REFERENCES properties (id),
    CONSTRAINT complaints_resolved_by_fkey FOREIGN KEY (resolved_by) REFERENCES users (id),
    CONSTRAINT complaints_status_id_fkey FOREIGN KEY (status_id) REFERENCES complaint_statuses (id),
    CONSTRAINT complaints_tenant_id_fkey FOREIGN KEY (tenant_id) REFERENCES users (id)
);
2026-06-06 20:27:27.641 +05:30 [INF] Executed DbCommand (3ms) [Parameters=[], CommandType='"Text"', CommandTimeout='30']
CREATE TABLE lease_proposals (
    id uuid NOT NULL,
    tenant_id uuid,
    property_id integer,
    start_date date,
    end_date date,
    monthly_rent numeric(12,2),
    upfront_payment numeric(12,2),
    security_deposit numeric(12,2),
    lease_type_id integer,
    status_id integer,
    reviewed_by uuid,
    reviewed_at timestamp without time zone,
    created_at timestamp without time zone,
    CONSTRAINT lease_proposals_pkey PRIMARY KEY (id),
    CONSTRAINT lease_proposals_lease_type_id_fkey FOREIGN KEY (lease_type_id) REFERENCES lease_types (id),
    CONSTRAINT lease_proposals_property_id_fkey FOREIGN KEY (property_id) REFERENCES properties (id),
    CONSTRAINT lease_proposals_reviewed_by_fkey FOREIGN KEY (reviewed_by) REFERENCES users (id),
    CONSTRAINT lease_proposals_status_id_fkey FOREIGN KEY (status_id) REFERENCES proposal_statuses (id),
    CONSTRAINT lease_proposals_tenant_id_fkey FOREIGN KEY (tenant_id) REFERENCES users (id)
);
2026-06-06 20:27:27.644 +05:30 [INF] Executed DbCommand (3ms) [Parameters=[], CommandType='"Text"', CommandTimeout='30']
CREATE TABLE property_documents (
    property_id integer NOT NULL,
    document_id uuid NOT NULL,
    CONSTRAINT property_documents_pkey PRIMARY KEY (property_id, document_id),
    CONSTRAINT property_documents_document_id_fkey FOREIGN KEY (document_id) REFERENCES documents (id),
    CONSTRAINT property_documents_property_id_fkey FOREIGN KEY (property_id) REFERENCES properties (id)
);
2026-06-06 20:27:27.648 +05:30 [INF] Executed DbCommand (4ms) [Parameters=[], CommandType='"Text"', CommandTimeout='30']
CREATE TABLE leases (
    id uuid NOT NULL,
    tenant_id uuid,
    property_id integer,
    proposal_id uuid,
    start_date date,
    end_date date,
    monthly_rent numeric(12,2),
    upfront_payment numeric(12,2),
    security_deposit numeric(12,2),
    lease_type_id integer,
    status_id integer,
    CONSTRAINT leases_pkey PRIMARY KEY (id),
    CONSTRAINT leases_lease_type_id_fkey FOREIGN KEY (lease_type_id) REFERENCES lease_types (id),
    CONSTRAINT leases_property_id_fkey FOREIGN KEY (property_id) REFERENCES properties (id),
    CONSTRAINT leases_proposal_id_fkey FOREIGN KEY (proposal_id) REFERENCES lease_proposals (id),
    CONSTRAINT leases_status_id_fkey FOREIGN KEY (status_id) REFERENCES lease_statuses (id),
    CONSTRAINT leases_tenant_id_fkey FOREIGN KEY (tenant_id) REFERENCES users (id)
);
2026-06-06 20:27:27.655 +05:30 [INF] Executed DbCommand (7ms) [Parameters=[], CommandType='"Text"', CommandTimeout='30']
CREATE TABLE lease_charges (
    charge_id uuid NOT NULL,
    lease_id uuid NOT NULL,
    CONSTRAINT lease_charges_pkey PRIMARY KEY (charge_id, lease_id),
    CONSTRAINT lease_charges_charge_id_fkey FOREIGN KEY (charge_id) REFERENCES charges (id),
    CONSTRAINT lease_charges_lease_id_fkey FOREIGN KEY (lease_id) REFERENCES leases (id)
);
2026-06-06 20:27:27.658 +05:30 [INF] Executed DbCommand (3ms) [Parameters=[], CommandType='"Text"', CommandTimeout='30']
CREATE TABLE lease_documents (
    lease_id uuid NOT NULL,
    document_id uuid NOT NULL,
    CONSTRAINT lease_documents_pkey PRIMARY KEY (lease_id, document_id),
    CONSTRAINT lease_documents_document_id_fkey FOREIGN KEY (document_id) REFERENCES documents (id),
    CONSTRAINT lease_documents_lease_id_fkey FOREIGN KEY (lease_id) REFERENCES leases (id)
);
2026-06-06 20:27:27.660 +05:30 [INF] Executed DbCommand (2ms) [Parameters=[], CommandType='"Text"', CommandTimeout='30']
CREATE TABLE user_charges (
    charge_id uuid NOT NULL,
    user_id uuid NOT NULL,
    CONSTRAINT user_charges_pkey PRIMARY KEY (charge_id, user_id),
    CONSTRAINT user_charges_charge_id_fkey FOREIGN KEY (charge_id) REFERENCES charges (id),
    CONSTRAINT user_charges_user_id_fkey FOREIGN KEY (user_id) REFERENCES leases (id)
);
2026-06-06 20:27:27.662 +05:30 [INF] Executed DbCommand (1ms) [Parameters=[], CommandType='"Text"', CommandTimeout='30']
CREATE INDEX "IX_charge_payments_payment_id" ON charge_payments (payment_id);
2026-06-06 20:27:27.664 +05:30 [INF] Executed DbCommand (2ms) [Parameters=[], CommandType='"Text"', CommandTimeout='30']
CREATE UNIQUE INDEX charge_statuses_name_key ON charge_statuses (name);
2026-06-06 20:27:27.665 +05:30 [INF] Executed DbCommand (2ms) [Parameters=[], CommandType='"Text"', CommandTimeout='30']
CREATE UNIQUE INDEX charge_types_name_key ON charge_types (name);
2026-06-06 20:27:27.670 +05:30 [INF] Executed DbCommand (4ms) [Parameters=[], CommandType='"Text"', CommandTimeout='30']
CREATE INDEX "IX_charges_charge_type_id" ON charges (charge_type_id);
2026-06-06 20:27:27.671 +05:30 [INF] Executed DbCommand (1ms) [Parameters=[], CommandType='"Text"', CommandTimeout='30']
CREATE INDEX "IX_charges_status_id" ON charges (status_id);
2026-06-06 20:27:27.673 +05:30 [INF] Executed DbCommand (1ms) [Parameters=[], CommandType='"Text"', CommandTimeout='30']
CREATE INDEX "IX_cities_district_id" ON cities (district_id);
2026-06-06 20:27:27.677 +05:30 [INF] Executed DbCommand (4ms) [Parameters=[], CommandType='"Text"', CommandTimeout='30']
CREATE UNIQUE INDEX complaint_priorities_name_key ON complaint_priorities (name);
2026-06-06 20:27:27.679 +05:30 [INF] Executed DbCommand (2ms) [Parameters=[], CommandType='"Text"', CommandTimeout='30']
CREATE UNIQUE INDEX complaint_statuses_name_key ON complaint_statuses (name);
2026-06-06 20:27:27.680 +05:30 [INF] Executed DbCommand (1ms) [Parameters=[], CommandType='"Text"', CommandTimeout='30']
CREATE UNIQUE INDEX complaint_types_name_key ON complaint_types (name);
2026-06-06 20:27:27.682 +05:30 [INF] Executed DbCommand (1ms) [Parameters=[], CommandType='"Text"', CommandTimeout='30']
CREATE INDEX "IX_complaints_complaint_type_id" ON complaints (complaint_type_id);
2026-06-06 20:27:27.683 +05:30 [INF] Executed DbCommand (1ms) [Parameters=[], CommandType='"Text"', CommandTimeout='30']
CREATE INDEX "IX_complaints_priority_id" ON complaints (priority_id);
2026-06-06 20:27:27.684 +05:30 [INF] Executed DbCommand (1ms) [Parameters=[], CommandType='"Text"', CommandTimeout='30']
CREATE INDEX "IX_complaints_property_id" ON complaints (property_id);
2026-06-06 20:27:27.688 +05:30 [INF] Executed DbCommand (4ms) [Parameters=[], CommandType='"Text"', CommandTimeout='30']
CREATE INDEX "IX_complaints_resolved_by" ON complaints (resolved_by);
2026-06-06 20:27:27.690 +05:30 [INF] Executed DbCommand (2ms) [Parameters=[], CommandType='"Text"', CommandTimeout='30']
CREATE INDEX "IX_complaints_status_id" ON complaints (status_id);
2026-06-06 20:27:27.691 +05:30 [INF] Executed DbCommand (1ms) [Parameters=[], CommandType='"Text"', CommandTimeout='30']
CREATE INDEX "IX_complaints_tenant_id" ON complaints (tenant_id);
2026-06-06 20:27:27.693 +05:30 [INF] Executed DbCommand (1ms) [Parameters=[], CommandType='"Text"', CommandTimeout='30']
CREATE UNIQUE INDEX countries_name_key ON countries (name);
2026-06-06 20:27:27.695 +05:30 [INF] Executed DbCommand (1ms) [Parameters=[], CommandType='"Text"', CommandTimeout='30']
CREATE UNIQUE INDEX currencies_code_key ON currencies (code);
2026-06-06 20:27:27.696 +05:30 [INF] Executed DbCommand (1ms) [Parameters=[], CommandType='"Text"', CommandTimeout='30']
CREATE INDEX "IX_districts_state_id" ON districts (state_id);
2026-06-06 20:27:27.697 +05:30 [INF] Executed DbCommand (1ms) [Parameters=[], CommandType='"Text"', CommandTimeout='30']
CREATE UNIQUE INDEX document_types_name_key ON document_types (name);
2026-06-06 20:27:27.699 +05:30 [INF] Executed DbCommand (1ms) [Parameters=[], CommandType='"Text"', CommandTimeout='30']
CREATE INDEX "IX_documents_document_type_id" ON documents (document_type_id);
2026-06-06 20:27:27.706 +05:30 [INF] Executed DbCommand (7ms) [Parameters=[], CommandType='"Text"', CommandTimeout='30']
CREATE INDEX "IX_lease_charges_lease_id" ON lease_charges (lease_id);
2026-06-06 20:27:27.707 +05:30 [INF] Executed DbCommand (1ms) [Parameters=[], CommandType='"Text"', CommandTimeout='30']
CREATE INDEX "IX_lease_documents_document_id" ON lease_documents (document_id);
2026-06-06 20:27:27.708 +05:30 [INF] Executed DbCommand (1ms) [Parameters=[], CommandType='"Text"', CommandTimeout='30']
CREATE INDEX "IX_lease_proposals_lease_type_id" ON lease_proposals (lease_type_id);
2026-06-06 20:27:27.709 +05:30 [INF] Executed DbCommand (1ms) [Parameters=[], CommandType='"Text"', CommandTimeout='30']
CREATE INDEX "IX_lease_proposals_property_id" ON lease_proposals (property_id);
2026-06-06 20:27:27.711 +05:30 [INF] Executed DbCommand (1ms) [Parameters=[], CommandType='"Text"', CommandTimeout='30']
CREATE INDEX "IX_lease_proposals_reviewed_by" ON lease_proposals (reviewed_by);
2026-06-06 20:27:27.712 +05:30 [INF] Executed DbCommand (1ms) [Parameters=[], CommandType='"Text"', CommandTimeout='30']
CREATE INDEX "IX_lease_proposals_status_id" ON lease_proposals (status_id);
2026-06-06 20:27:27.714 +05:30 [INF] Executed DbCommand (2ms) [Parameters=[], CommandType='"Text"', CommandTimeout='30']
CREATE INDEX "IX_lease_proposals_tenant_id" ON lease_proposals (tenant_id);
2026-06-06 20:27:27.716 +05:30 [INF] Executed DbCommand (2ms) [Parameters=[], CommandType='"Text"', CommandTimeout='30']
CREATE UNIQUE INDEX lease_statuses_name_key ON lease_statuses (name);
2026-06-06 20:27:27.717 +05:30 [INF] Executed DbCommand (1ms) [Parameters=[], CommandType='"Text"', CommandTimeout='30']
CREATE UNIQUE INDEX lease_types_name_key ON lease_types (name);
2026-06-06 20:27:27.720 +05:30 [INF] Executed DbCommand (2ms) [Parameters=[], CommandType='"Text"', CommandTimeout='30']
CREATE INDEX "IX_leases_lease_type_id" ON leases (lease_type_id);
2026-06-06 20:27:27.721 +05:30 [INF] Executed DbCommand (1ms) [Parameters=[], CommandType='"Text"', CommandTimeout='30']
CREATE INDEX "IX_leases_property_id" ON leases (property_id);
2026-06-06 20:27:27.722 +05:30 [INF] Executed DbCommand (1ms) [Parameters=[], CommandType='"Text"', CommandTimeout='30']
CREATE INDEX "IX_leases_proposal_id" ON leases (proposal_id);
2026-06-06 20:27:27.723 +05:30 [INF] Executed DbCommand (1ms) [Parameters=[], CommandType='"Text"', CommandTimeout='30']
CREATE INDEX "IX_leases_status_id" ON leases (status_id);
2026-06-06 20:27:27.725 +05:30 [INF] Executed DbCommand (1ms) [Parameters=[], CommandType='"Text"', CommandTimeout='30']
CREATE INDEX "IX_leases_tenant_id" ON leases (tenant_id);
2026-06-06 20:27:27.729 +05:30 [INF] Executed DbCommand (4ms) [Parameters=[], CommandType='"Text"', CommandTimeout='30']
CREATE INDEX "IX_owner_profiles_owner_type_id" ON owner_profiles (owner_type_id);
2026-06-06 20:27:27.731 +05:30 [INF] Executed DbCommand (2ms) [Parameters=[], CommandType='"Text"', CommandTimeout='30']
CREATE UNIQUE INDEX owner_types_name_key ON owner_types (name);
2026-06-06 20:27:27.732 +05:30 [INF] Executed DbCommand (1ms) [Parameters=[], CommandType='"Text"', CommandTimeout='30']
CREATE UNIQUE INDEX payment_methods_name_key ON payment_methods (name);
2026-06-06 20:27:27.733 +05:30 [INF] Executed DbCommand (1ms) [Parameters=[], CommandType='"Text"', CommandTimeout='30']
CREATE UNIQUE INDEX payment_statuses_name_key ON payment_statuses (name);
2026-06-06 20:27:27.735 +05:30 [INF] Executed DbCommand (1ms) [Parameters=[], CommandType='"Text"', CommandTimeout='30']
CREATE INDEX "IX_payments_currency_id" ON payments (currency_id);
2026-06-06 20:27:27.736 +05:30 [INF] Executed DbCommand (2ms) [Parameters=[], CommandType='"Text"', CommandTimeout='30']
CREATE INDEX "IX_payments_paid_by" ON payments (paid_by);
2026-06-06 20:27:27.738 +05:30 [INF] Executed DbCommand (1ms) [Parameters=[], CommandType='"Text"', CommandTimeout='30']
CREATE INDEX "IX_payments_payment_method_id" ON payments (payment_method_id);
2026-06-06 20:27:27.739 +05:30 [INF] Executed DbCommand (1ms) [Parameters=[], CommandType='"Text"', CommandTimeout='30']
CREATE INDEX "IX_payments_status_id" ON payments (status_id);
2026-06-06 20:27:27.741 +05:30 [INF] Executed DbCommand (1ms) [Parameters=[], CommandType='"Text"', CommandTimeout='30']
CREATE UNIQUE INDEX payments_transaction_ref_key ON payments (transaction_ref);
2026-06-06 20:27:27.744 +05:30 [INF] Executed DbCommand (3ms) [Parameters=[], CommandType='"Text"', CommandTimeout='30']
CREATE UNIQUE INDEX profile_types_name_key ON profile_types (name);
2026-06-06 20:27:27.746 +05:30 [INF] Executed DbCommand (1ms) [Parameters=[], CommandType='"Text"', CommandTimeout='30']
CREATE INDEX "IX_properties_city_id" ON properties (city_id);
2026-06-06 20:27:27.747 +05:30 [INF] Executed DbCommand (1ms) [Parameters=[], CommandType='"Text"', CommandTimeout='30']
CREATE INDEX "IX_properties_owner_id" ON properties (owner_id);
2026-06-06 20:27:27.748 +05:30 [INF] Executed DbCommand (1ms) [Parameters=[], CommandType='"Text"', CommandTimeout='30']
CREATE INDEX "IX_properties_status_id" ON properties (status_id);
2026-06-06 20:27:27.749 +05:30 [INF] Executed DbCommand (1ms) [Parameters=[], CommandType='"Text"', CommandTimeout='30']
CREATE INDEX "IX_property_documents_document_id" ON property_documents (document_id);
2026-06-06 20:27:27.752 +05:30 [INF] Executed DbCommand (3ms) [Parameters=[], CommandType='"Text"', CommandTimeout='30']
CREATE UNIQUE INDEX property_statuses_name_key ON property_statuses (name);
2026-06-06 20:27:27.755 +05:30 [INF] Executed DbCommand (2ms) [Parameters=[], CommandType='"Text"', CommandTimeout='30']
CREATE UNIQUE INDEX proposal_statuses_name_key ON proposal_statuses (name);
2026-06-06 20:27:27.756 +05:30 [INF] Executed DbCommand (1ms) [Parameters=[], CommandType='"Text"', CommandTimeout='30']
CREATE UNIQUE INDEX roles_name_key ON roles (name);
2026-06-06 20:27:27.757 +05:30 [INF] Executed DbCommand (1ms) [Parameters=[], CommandType='"Text"', CommandTimeout='30']
CREATE INDEX "IX_states_country_id" ON states (country_id);
2026-06-06 20:27:27.759 +05:30 [INF] Executed DbCommand (1ms) [Parameters=[], CommandType='"Text"', CommandTimeout='30']
CREATE INDEX "IX_user_charges_user_id" ON user_charges (user_id);
2026-06-06 20:27:27.760 +05:30 [INF] Executed DbCommand (1ms) [Parameters=[], CommandType='"Text"', CommandTimeout='30']
CREATE INDEX "IX_user_documents_document_id" ON user_documents (document_id);
2026-06-06 20:27:27.761 +05:30 [INF] Executed DbCommand (1ms) [Parameters=[], CommandType='"Text"', CommandTimeout='30']
CREATE INDEX "IX_user_profiles_profile_type_id" ON user_profiles (profile_type_id);
2026-06-06 20:27:27.763 +05:30 [INF] Executed DbCommand (1ms) [Parameters=[], CommandType='"Text"', CommandTimeout='30']
CREATE INDEX "IX_user_roles_role_id" ON user_roles (role_id);
2026-06-06 20:27:27.764 +05:30 [INF] Executed DbCommand (1ms) [Parameters=[], CommandType='"Text"', CommandTimeout='30']
CREATE UNIQUE INDEX user_roles_user_id_role_id_idx ON user_roles (user_id, role_id);
2026-06-06 20:27:27.765 +05:30 [INF] Executed DbCommand (1ms) [Parameters=[], CommandType='"Text"', CommandTimeout='30']
CREATE UNIQUE INDEX users_email_key ON users (email);
2026-06-06 20:27:27.766 +05:30 [INF] Executed DbCommand (1ms) [Parameters=[], CommandType='"Text"', CommandTimeout='30']
INSERT INTO "__EFMigrationsHistory" ("MigrationId", "ProductVersion")
VALUES ('20260604071833_InitialCreateWithUuid', '10.0.8');
