2026-06-04 15:29:20.311 +05:30 [ERR] Hosting failed to start
System.IO.IOException: Failed to bind to address http://127.0.0.1:5104: address already in use.
 ---> Microsoft.AspNetCore.Connections.AddressInUseException: Address already in use
 ---> System.Net.Sockets.SocketException (48): Address already in use
   at System.Net.Sockets.Socket.UpdateStatusAfterSocketErrorAndThrowException(SocketError error, Boolean disconnectOnFailure, String callerName)
   at System.Net.Sockets.Socket.DoBind(EndPoint endPointSnapshot, SocketAddress socketAddress)
   at System.Net.Sockets.Socket.Bind(EndPoint localEP)
   at Microsoft.AspNetCore.Server.Kestrel.Transport.Sockets.SocketTransportOptions.CreateDefaultBoundListenSocket(EndPoint endpoint)
   at Microsoft.AspNetCore.Server.Kestrel.Transport.Sockets.SocketConnectionListener.Bind()
   --- End of inner exception stack trace ---
   at Microsoft.AspNetCore.Server.Kestrel.Transport.Sockets.SocketConnectionListener.Bind()
   at Microsoft.AspNetCore.Server.Kestrel.Transport.Sockets.SocketTransportFactory.BindAsync(EndPoint endpoint, CancellationToken cancellationToken)
   at Microsoft.AspNetCore.Server.Kestrel.Core.Internal.Infrastructure.TransportManager.BindAsync(EndPoint endPoint, ConnectionDelegate connectionDelegate, EndpointConfig endpointConfig, CancellationToken cancellationToken)
   at Microsoft.AspNetCore.Server.Kestrel.Core.KestrelServerImpl.<>c__DisplayClass28_0`1.<<StartAsync>g__OnBind|0>d.MoveNext()
--- End of stack trace from previous location ---
   at Microsoft.AspNetCore.Server.Kestrel.Core.Internal.AddressBinder.BindEndpointAsync(ListenOptions endpoint, AddressBindContext context, CancellationToken cancellationToken)
   --- End of inner exception stack trace ---
   at Microsoft.AspNetCore.Server.Kestrel.Core.Internal.AddressBinder.BindEndpointAsync(ListenOptions endpoint, AddressBindContext context, CancellationToken cancellationToken)
   at Microsoft.AspNetCore.Server.Kestrel.Core.LocalhostListenOptions.BindAsync(AddressBindContext context, CancellationToken cancellationToken)
   at Microsoft.AspNetCore.Server.Kestrel.Core.Internal.AddressBinder.AddressesStrategy.BindAsync(AddressBindContext context, CancellationToken cancellationToken)
   at Microsoft.AspNetCore.Server.Kestrel.Core.KestrelServerImpl.BindAsync(CancellationToken cancellationToken)
   at Microsoft.AspNetCore.Server.Kestrel.Core.KestrelServerImpl.StartAsync[TContext](IHttpApplication`1 application, CancellationToken cancellationToken)
   at Microsoft.AspNetCore.Hosting.GenericWebHostService.StartAsync(CancellationToken cancellationToken)
   at Microsoft.Extensions.Hosting.Internal.Host.<StartAsync>b__14_1(IHostedService service, CancellationToken token)
   at Microsoft.Extensions.Hosting.Internal.Host.ForeachService[T](IEnumerable`1 services, CancellationToken token, Boolean concurrent, Boolean abortOnFirstException, List`1 exceptions, Func`3 operation)
2026-06-04 15:29:40.380 +05:30 [INF] Now listening on: http://localhost:5104
2026-06-04 15:29:40.430 +05:30 [INF] Application started. Press Ctrl+C to shut down.
2026-06-04 15:29:40.430 +05:30 [INF] Hosting environment: Development
2026-06-04 15:29:40.430 +05:30 [INF] Content root path: /Users/sabareesht/Documents/genSpark/propertyManagement
2026-06-04 15:37:07.709 +05:30 [INF] Application is shutting down...
2026-06-04 15:37:11.681 +05:30 [INF] Now listening on: http://localhost:5104
2026-06-04 15:37:11.729 +05:30 [INF] Application started. Press Ctrl+C to shut down.
2026-06-04 15:37:11.729 +05:30 [INF] Hosting environment: Development
2026-06-04 15:37:11.729 +05:30 [INF] Content root path: /Users/sabareesht/Documents/genSpark/propertyManagement
2026-06-04 15:37:32.340 +05:30 [INF] Application is shutting down...
2026-06-04 16:03:17.912 +05:30 [INF] Now listening on: http://localhost:5104
2026-06-04 16:03:17.964 +05:30 [INF] Application started. Press Ctrl+C to shut down.
2026-06-04 16:03:17.964 +05:30 [INF] Hosting environment: Development
2026-06-04 16:03:17.964 +05:30 [INF] Content root path: /Users/sabareesht/Documents/genSpark/propertyManagement
2026-06-04 16:03:25.488 +05:30 [INF] Request starting HTTP/1.1 GET http://localhost:5104/swagger/index.html - null null
2026-06-04 16:03:25.538 +05:30 [INF] Request finished HTTP/1.1 GET http://localhost:5104/swagger/index.html - 304 null null 51.2273ms
2026-06-04 16:03:25.562 +05:30 [INF] Request starting HTTP/1.1 GET http://localhost:5104/swagger/index.css - null null
2026-06-04 16:03:25.562 +05:30 [INF] Request starting HTTP/1.1 GET http://localhost:5104/swagger/index.js - null null
2026-06-04 16:03:25.562 +05:30 [INF] Request starting HTTP/1.1 GET http://localhost:5104/swagger/swagger-ui.css - null null
2026-06-04 16:03:25.562 +05:30 [INF] Request starting HTTP/1.1 GET http://localhost:5104/swagger/swagger-ui-bundle.js - null null
2026-06-04 16:03:25.562 +05:30 [INF] Request starting HTTP/1.1 GET http://localhost:5104/swagger/swagger-ui-standalone-preset.js - null null
2026-06-04 16:03:25.564 +05:30 [INF] Request finished HTTP/1.1 GET http://localhost:5104/swagger/index.js - 304 null null 1.2979ms
2026-06-04 16:03:25.567 +05:30 [INF] Request finished HTTP/1.1 GET http://localhost:5104/swagger/index.css - 304 null null 5.1196ms
2026-06-04 16:03:25.567 +05:30 [INF] Request finished HTTP/1.1 GET http://localhost:5104/swagger/swagger-ui.css - 304 null null 5.299ms
2026-06-04 16:03:25.567 +05:30 [INF] Request finished HTTP/1.1 GET http://localhost:5104/swagger/swagger-ui-standalone-preset.js - 304 null null 5.1737ms
2026-06-04 16:03:25.571 +05:30 [INF] Request finished HTTP/1.1 GET http://localhost:5104/swagger/swagger-ui-bundle.js - 304 null null 8.8354ms
2026-06-04 16:03:25.786 +05:30 [INF] Request starting HTTP/1.1 GET http://localhost:5104/swagger/v1/swagger.json - null null
2026-06-04 16:03:25.789 +05:30 [INF] Request starting HTTP/1.1 GET http://localhost:5104/swagger/swagger-ui.css - null null
2026-06-04 16:03:25.789 +05:30 [INF] Request starting HTTP/1.1 GET http://localhost:5104/swagger/index.css - null null
2026-06-04 16:03:25.789 +05:30 [INF] Request finished HTTP/1.1 GET http://localhost:5104/swagger/swagger-ui.css - 304 null null 0.238ms
2026-06-04 16:03:25.789 +05:30 [INF] Request finished HTTP/1.1 GET http://localhost:5104/swagger/index.css - 304 null null 0.2572ms
2026-06-04 16:03:25.835 +05:30 [INF] Request finished HTTP/1.1 GET http://localhost:5104/swagger/v1/swagger.json - 200 null application/json;charset=utf-8 49.2016ms
2026-06-04 16:03:37.098 +05:30 [INF] Request starting HTTP/1.1 POST http://localhost:5104/api/User/login - application/json 47
2026-06-04 16:03:37.101 +05:30 [WRN] Failed to determine the https port for redirect.
2026-06-04 16:03:37.103 +05:30 [INF] Executing endpoint 'propertyManagement.Controllers.UserController.Login (propertyManagement)'
2026-06-04 16:03:37.114 +05:30 [INF] Route matched with {action = "Login", controller = "User"}. Executing controller action with signature System.Threading.Tasks.Task`1[Microsoft.AspNetCore.Mvc.ActionResult`1[propertyManagement.DTOs.UserResponseDto]] Login(propertyManagement.DTOs.LoginDto) on controller propertyManagement.Controllers.UserController (propertyManagement).
2026-06-04 16:03:38.101 +05:30 [INF] Executed DbCommand (64ms) [Parameters=[@email='?'], CommandType='"Text"', CommandTimeout='30']
SELECT u.id, u.created_at, u.date_of_birth, u.deleted_at, u.email, u.first_name, u.last_name, u.password_hash, u.phone, u.updated_at
FROM users AS u
WHERE u.email = @email
LIMIT 1
2026-06-04 16:03:38.112 +05:30 [INF] Executed action propertyManagement.Controllers.UserController.Login (propertyManagement) in 996.2078ms
2026-06-04 16:03:38.112 +05:30 [INF] Executed endpoint 'propertyManagement.Controllers.UserController.Login (propertyManagement)'
2026-06-04 16:03:38.120 +05:30 [INF] Request finished HTTP/1.1 POST http://localhost:5104/api/User/login - 400 null application/json; charset=utf-8 1022.3437ms
2026-06-04 16:40:44.788 +05:30 [INF] Request starting HTTP/1.1 POST http://localhost:5104/api/User/register - application/json 166
2026-06-04 16:40:44.793 +05:30 [INF] Executing endpoint 'propertyManagement.Controllers.UserController.Register (propertyManagement)'
2026-06-04 16:40:44.806 +05:30 [INF] Route matched with {action = "Register", controller = "User"}. Executing controller action with signature System.Threading.Tasks.Task`1[Microsoft.AspNetCore.Mvc.ActionResult`1[propertyManagement.DTOs.UserResponseDto]] Register(propertyManagement.DTOs.RegisterDto) on controller propertyManagement.Controllers.UserController (propertyManagement).
2026-06-04 16:40:44.870 +05:30 [INF] Executed DbCommand (5ms) [Parameters=[@email='?'], CommandType='"Text"', CommandTimeout='30']
SELECT u.id, u.created_at, u.date_of_birth, u.deleted_at, u.email, u.first_name, u.last_name, u.password_hash, u.phone, u.updated_at
FROM users AS u
WHERE u.email = @email
LIMIT 1
2026-06-04 16:40:45.201 +05:30 [INF] Executed DbCommand (11ms) [Parameters=[@p0='?' (DbType = Guid), @p1='?' (DbType = DateTime2), @p2='?' (DbType = Date), @p3='?' (DbType = DateTime2), @p4='?', @p5='?', @p6='?', @p7='?', @p8='?', @p9='?' (DbType = DateTime2)], CommandType='"Text"', CommandTimeout='30']
INSERT INTO users (id, created_at, date_of_birth, deleted_at, email, first_name, last_name, password_hash, phone, updated_at)
VALUES (@p0, @p1, @p2, @p3, @p4, @p5, @p6, @p7, @p8, @p9);
2026-06-04 16:40:45.208 +05:30 [INF] Executing CreatedAtActionResult, writing value of type 'propertyManagement.DTOs.UserResponseDto'.
2026-06-04 16:40:45.224 +05:30 [INF] Executed action propertyManagement.Controllers.UserController.Register (propertyManagement) in 417.0692ms
2026-06-04 16:40:45.224 +05:30 [INF] Executed endpoint 'propertyManagement.Controllers.UserController.Register (propertyManagement)'
2026-06-04 16:40:45.224 +05:30 [INF] Request finished HTTP/1.1 POST http://localhost:5104/api/User/register - 201 null application/json; charset=utf-8 436.5774ms
2026-06-04 16:43:45.147 +05:30 [INF] Request starting HTTP/1.1 GET http://localhost:5104/swagger/v1/swagger.json - null null
2026-06-04 16:43:45.162 +05:30 [INF] Request finished HTTP/1.1 GET http://localhost:5104/swagger/v1/swagger.json - 200 null application/json;charset=utf-8 15.6812ms
2026-06-04 16:43:51.681 +05:30 [INF] Request starting HTTP/1.1 POST http://localhost:5104/api/User/register - application/json 148
2026-06-04 16:43:51.682 +05:30 [INF] Executing endpoint 'propertyManagement.Controllers.UserController.Register (propertyManagement)'
2026-06-04 16:43:51.683 +05:30 [INF] Route matched with {action = "Register", controller = "User"}. Executing controller action with signature System.Threading.Tasks.Task`1[Microsoft.AspNetCore.Mvc.ActionResult`1[propertyManagement.DTOs.UserResponseDto]] Register(propertyManagement.DTOs.RegisterDto) on controller propertyManagement.Controllers.UserController (propertyManagement).
2026-06-04 16:43:51.739 +05:30 [INF] Executed DbCommand (2ms) [Parameters=[@email='?'], CommandType='"Text"', CommandTimeout='30']
SELECT u.id, u.created_at, u.date_of_birth, u.deleted_at, u.email, u.first_name, u.last_name, u.password_hash, u.phone, u.updated_at
FROM users AS u
WHERE u.email = @email
LIMIT 1
2026-06-04 16:43:51.972 +05:30 [INF] Executed DbCommand (3ms) [Parameters=[@p0='?' (DbType = Guid), @p1='?' (DbType = DateTime2), @p2='?' (DbType = Date), @p3='?' (DbType = DateTime2), @p4='?', @p5='?', @p6='?', @p7='?', @p8='?', @p9='?' (DbType = DateTime2)], CommandType='"Text"', CommandTimeout='30']
INSERT INTO users (id, created_at, date_of_birth, deleted_at, email, first_name, last_name, password_hash, phone, updated_at)
VALUES (@p0, @p1, @p2, @p3, @p4, @p5, @p6, @p7, @p8, @p9);
2026-06-04 16:43:51.973 +05:30 [INF] Executing CreatedAtActionResult, writing value of type 'propertyManagement.DTOs.UserResponseDto'.
2026-06-04 16:43:51.973 +05:30 [INF] Executed action propertyManagement.Controllers.UserController.Register (propertyManagement) in 289.6205ms
2026-06-04 16:43:51.973 +05:30 [INF] Executed endpoint 'propertyManagement.Controllers.UserController.Register (propertyManagement)'
2026-06-04 16:43:51.973 +05:30 [INF] Request finished HTTP/1.1 POST http://localhost:5104/api/User/register - 201 null application/json; charset=utf-8 292.2122ms
2026-06-04 17:13:41.239 +05:30 [INF] Request starting HTTP/1.1 POST http://localhost:5104/api/User/register - application/json 129
2026-06-04 17:13:41.243 +05:30 [INF] Executing endpoint 'propertyManagement.Controllers.UserController.Register (propertyManagement)'
2026-06-04 17:13:41.245 +05:30 [INF] Route matched with {action = "Register", controller = "User"}. Executing controller action with signature System.Threading.Tasks.Task`1[Microsoft.AspNetCore.Mvc.ActionResult`1[propertyManagement.DTOs.UserResponseDto]] Register(propertyManagement.DTOs.RegisterDto) on controller propertyManagement.Controllers.UserController (propertyManagement).
2026-06-04 17:13:41.273 +05:30 [INF] Executing BadRequestObjectResult, writing value of type 'Microsoft.AspNetCore.Mvc.ValidationProblemDetails'.
2026-06-04 17:13:41.290 +05:30 [INF] Executed action propertyManagement.Controllers.UserController.Register (propertyManagement) in 44.7235ms
2026-06-04 17:13:41.290 +05:30 [INF] Executed endpoint 'propertyManagement.Controllers.UserController.Register (propertyManagement)'
2026-06-04 17:13:41.290 +05:30 [INF] Request finished HTTP/1.1 POST http://localhost:5104/api/User/register - 400 null application/problem+json; charset=utf-8 51.5482ms
2026-06-04 17:15:01.411 +05:30 [INF] Application is shutting down...
2026-06-04 17:15:08.080 +05:30 [INF] Now listening on: http://localhost:5104
2026-06-04 17:15:08.133 +05:30 [INF] Application started. Press Ctrl+C to shut down.
2026-06-04 17:15:08.133 +05:30 [INF] Hosting environment: Development
2026-06-04 17:15:08.133 +05:30 [INF] Content root path: /Users/sabareesht/Documents/genSpark/propertyManagement
2026-06-04 17:15:15.532 +05:30 [INF] Request starting HTTP/1.1 POST http://localhost:5104/api/User/register - application/json 129
2026-06-04 17:15:17.414 +05:30 [WRN] Failed to determine the https port for redirect.
2026-06-04 17:15:17.841 +05:30 [INF] Executing endpoint 'propertyManagement.Controllers.UserController.Register (propertyManagement)'
2026-06-04 17:15:18.672 +05:30 [INF] Route matched with {action = "Register", controller = "User"}. Executing controller action with signature System.Threading.Tasks.Task`1[Microsoft.AspNetCore.Mvc.ActionResult`1[propertyManagement.DTOs.UserResponseDto]] Register(propertyManagement.DTOs.RegisterDto) on controller propertyManagement.Controllers.UserController (propertyManagement).
2026-06-04 17:15:20.567 +05:30 [INF] Executing BadRequestObjectResult, writing value of type 'Microsoft.AspNetCore.Mvc.ValidationProblemDetails'.
2026-06-04 17:15:20.677 +05:30 [INF] Executed action propertyManagement.Controllers.UserController.Register (propertyManagement) in 1994.3702ms
2026-06-04 17:15:20.679 +05:30 [INF] Executed endpoint 'propertyManagement.Controllers.UserController.Register (propertyManagement)'
2026-06-04 17:15:20.690 +05:30 [INF] Request finished HTTP/1.1 POST http://localhost:5104/api/User/register - 400 null application/problem+json; charset=utf-8 5161.205ms
2026-06-04 17:15:32.584 +05:30 [INF] Request starting HTTP/1.1 POST http://localhost:5104/api/User/register - application/json 129
2026-06-04 17:15:32.589 +05:30 [INF] Executing endpoint 'propertyManagement.Controllers.UserController.Register (propertyManagement)'
2026-06-04 17:15:32.589 +05:30 [INF] Route matched with {action = "Register", controller = "User"}. Executing controller action with signature System.Threading.Tasks.Task`1[Microsoft.AspNetCore.Mvc.ActionResult`1[propertyManagement.DTOs.UserResponseDto]] Register(propertyManagement.DTOs.RegisterDto) on controller propertyManagement.Controllers.UserController (propertyManagement).
2026-06-04 17:15:32.597 +05:30 [INF] Executing BadRequestObjectResult, writing value of type 'Microsoft.AspNetCore.Mvc.ValidationProblemDetails'.
2026-06-04 17:15:32.598 +05:30 [INF] Executed action propertyManagement.Controllers.UserController.Register (propertyManagement) in 8.1632ms
2026-06-04 17:15:32.598 +05:30 [INF] Executed endpoint 'propertyManagement.Controllers.UserController.Register (propertyManagement)'
2026-06-04 17:15:32.598 +05:30 [INF] Request finished HTTP/1.1 POST http://localhost:5104/api/User/register - 400 null application/problem+json; charset=utf-8 14.4092ms
2026-06-04 17:16:40.623 +05:30 [INF] Application is shutting down...
2026-06-04 17:17:13.682 +05:30 [INF] Now listening on: http://localhost:5104
2026-06-04 17:17:14.256 +05:30 [INF] Application started. Press Ctrl+C to shut down.
2026-06-04 17:17:14.258 +05:30 [INF] Hosting environment: Development
2026-06-04 17:17:14.258 +05:30 [INF] Content root path: /Users/sabareesht/Documents/genSpark/propertyManagement
2026-06-04 17:17:25.206 +05:30 [INF] Request starting HTTP/1.1 POST http://localhost:5104/api/User/register - application/json 129
2026-06-04 17:17:25.383 +05:30 [WRN] Failed to determine the https port for redirect.
2026-06-04 17:17:25.396 +05:30 [INF] Executing endpoint 'propertyManagement.Controllers.UserController.Register (propertyManagement)'
2026-06-04 17:17:25.475 +05:30 [INF] Route matched with {action = "Register", controller = "User"}. Executing controller action with signature System.Threading.Tasks.Task`1[Microsoft.AspNetCore.Mvc.ActionResult`1[propertyManagement.DTOs.UserResponseDto]] Register(propertyManagement.DTOs.RegisterDto) on controller propertyManagement.Controllers.UserController (propertyManagement).
2026-06-04 17:17:26.145 +05:30 [INF] Executing BadRequestObjectResult, writing value of type 'Microsoft.AspNetCore.Mvc.ValidationProblemDetails'.
2026-06-04 17:17:26.206 +05:30 [INF] Executed action propertyManagement.Controllers.UserController.Register (propertyManagement) in 723.0425ms
2026-06-04 17:17:26.208 +05:30 [INF] Executed endpoint 'propertyManagement.Controllers.UserController.Register (propertyManagement)'
2026-06-04 17:17:26.223 +05:30 [INF] Request finished HTTP/1.1 POST http://localhost:5104/api/User/register - 400 null application/problem+json; charset=utf-8 1019.6734ms
2026-06-04 17:17:57.167 +05:30 [INF] Request starting HTTP/1.1 POST http://localhost:5104/api/User/register - application/json 129
2026-06-04 17:17:57.178 +05:30 [INF] Executing endpoint 'propertyManagement.Controllers.UserController.Register (propertyManagement)'
2026-06-04 17:17:57.179 +05:30 [INF] Route matched with {action = "Register", controller = "User"}. Executing controller action with signature System.Threading.Tasks.Task`1[Microsoft.AspNetCore.Mvc.ActionResult`1[propertyManagement.DTOs.UserResponseDto]] Register(propertyManagement.DTOs.RegisterDto) on controller propertyManagement.Controllers.UserController (propertyManagement).
2026-06-04 17:17:57.197 +05:30 [INF] Executing BadRequestObjectResult, writing value of type 'Microsoft.AspNetCore.Mvc.ValidationProblemDetails'.
2026-06-04 17:17:57.201 +05:30 [INF] Executed action propertyManagement.Controllers.UserController.Register (propertyManagement) in 22.0082ms
2026-06-04 17:17:57.202 +05:30 [INF] Executed endpoint 'propertyManagement.Controllers.UserController.Register (propertyManagement)'
2026-06-04 17:17:57.203 +05:30 [INF] Request finished HTTP/1.1 POST http://localhost:5104/api/User/register - 400 null application/problem+json; charset=utf-8 36.6978ms
2026-06-04 17:19:39.043 +05:30 [INF] Application is shutting down...
2026-06-04 20:03:54.474 +05:30 [INF] Now listening on: http://localhost:5104
2026-06-04 20:03:54.522 +05:30 [INF] Application started. Press Ctrl+C to shut down.
2026-06-04 20:03:54.523 +05:30 [INF] Hosting environment: Development
2026-06-04 20:03:54.523 +05:30 [INF] Content root path: /Users/sabareesht/Documents/genSpark/propertyManagement
2026-06-04 20:04:06.423 +05:30 [INF] Request starting HTTP/1.1 POST http://localhost:5104/api/User/register - application/json 129
2026-06-04 20:04:06.450 +05:30 [WRN] Failed to determine the https port for redirect.
2026-06-04 20:04:06.451 +05:30 [INF] Executing endpoint 'propertyManagement.Controllers.UserController.Register (propertyManagement)'
2026-06-04 20:04:06.462 +05:30 [INF] Route matched with {action = "Register", controller = "User"}. Executing controller action with signature System.Threading.Tasks.Task`1[Microsoft.AspNetCore.Mvc.ActionResult`1[propertyManagement.DTOs.UserResponseDto]] Register(propertyManagement.DTOs.RegisterDto) on controller propertyManagement.Controllers.UserController (propertyManagement).
2026-06-04 20:04:06.560 +05:30 [INF] Executing BadRequestObjectResult, writing value of type 'Microsoft.AspNetCore.Mvc.ValidationProblemDetails'.
2026-06-04 20:04:06.571 +05:30 [INF] Executed action propertyManagement.Controllers.UserController.Register (propertyManagement) in 107.3245ms
2026-06-04 20:04:06.571 +05:30 [INF] Executed endpoint 'propertyManagement.Controllers.UserController.Register (propertyManagement)'
2026-06-04 20:04:06.572 +05:30 [INF] Request finished HTTP/1.1 POST http://localhost:5104/api/User/register - 400 null application/problem+json; charset=utf-8 150.8868ms
2026-06-04 20:04:45.456 +05:30 [INF] Request starting HTTP/1.1 POST http://localhost:5104/api/User/register - application/json 129
2026-06-04 20:04:45.460 +05:30 [INF] Executing endpoint 'propertyManagement.Controllers.UserController.Register (propertyManagement)'
2026-06-04 20:04:45.492 +05:30 [INF] Route matched with {action = "Register", controller = "User"}. Executing controller action with signature System.Threading.Tasks.Task`1[Microsoft.AspNetCore.Mvc.ActionResult`1[propertyManagement.DTOs.UserResponseDto]] Register(propertyManagement.DTOs.RegisterDto) on controller propertyManagement.Controllers.UserController (propertyManagement).
2026-06-04 20:04:45.529 +05:30 [INF] Executing BadRequestObjectResult, writing value of type 'Microsoft.AspNetCore.Mvc.ValidationProblemDetails'.
2026-06-04 20:04:45.530 +05:30 [INF] Executed action propertyManagement.Controllers.UserController.Register (propertyManagement) in 10.8514ms
2026-06-04 20:04:45.530 +05:30 [INF] Executed endpoint 'propertyManagement.Controllers.UserController.Register (propertyManagement)'
2026-06-04 20:04:45.530 +05:30 [INF] Request finished HTTP/1.1 POST http://localhost:5104/api/User/register - 400 null application/problem+json; charset=utf-8 74.629ms
2026-06-04 20:04:54.440 +05:30 [INF] Now listening on: http://localhost:5104
2026-06-04 20:04:54.495 +05:30 [INF] Application started. Press Ctrl+C to shut down.
2026-06-04 20:04:54.496 +05:30 [INF] Hosting environment: Development
2026-06-04 20:04:54.496 +05:30 [INF] Content root path: /Users/sabareesht/Documents/genSpark/propertyManagement
2026-06-04 20:04:55.821 +05:30 [INF] Request starting HTTP/1.1 POST http://localhost:5104/api/User/register - application/json 129
2026-06-04 20:04:55.845 +05:30 [WRN] Failed to determine the https port for redirect.
2026-06-04 20:04:55.846 +05:30 [INF] Executing endpoint 'propertyManagement.Controllers.UserController.Register (propertyManagement)'
2026-06-04 20:04:55.856 +05:30 [INF] Route matched with {action = "Register", controller = "User"}. Executing controller action with signature System.Threading.Tasks.Task`1[Microsoft.AspNetCore.Mvc.ActionResult`1[propertyManagement.DTOs.UserResponseDto]] Register(propertyManagement.DTOs.RegisterDto) on controller propertyManagement.Controllers.UserController (propertyManagement).
2026-06-04 20:04:55.941 +05:30 [INF] Executing BadRequestObjectResult, writing value of type 'Microsoft.AspNetCore.Mvc.ValidationProblemDetails'.
2026-06-04 20:04:55.953 +05:30 [INF] Executed action propertyManagement.Controllers.UserController.Register (propertyManagement) in 95.562ms
2026-06-04 20:04:55.953 +05:30 [INF] Executed endpoint 'propertyManagement.Controllers.UserController.Register (propertyManagement)'
2026-06-04 20:04:55.954 +05:30 [INF] Request finished HTTP/1.1 POST http://localhost:5104/api/User/register - 400 null application/problem+json; charset=utf-8 133.6838ms
2026-06-04 20:06:09.532 +05:30 [INF] Request starting HTTP/1.1 GET http://localhost:5104/api/User/register - null null
2026-06-04 20:06:09.543 +05:30 [INF] Executing endpoint 'propertyManagement.Controllers.UserController.GetUserById (propertyManagement)'
2026-06-04 20:06:09.548 +05:30 [INF] Route matched with {action = "GetUserById", controller = "User"}. Executing controller action with signature System.Threading.Tasks.Task`1[Microsoft.AspNetCore.Mvc.ActionResult`1[propertyManagement.DTOs.UserResponseDto]] GetUserById(System.Guid) on controller propertyManagement.Controllers.UserController (propertyManagement).
2026-06-04 20:06:09.555 +05:30 [INF] Executing BadRequestObjectResult, writing value of type 'Microsoft.AspNetCore.Mvc.ValidationProblemDetails'.
2026-06-04 20:06:09.556 +05:30 [INF] Executed action propertyManagement.Controllers.UserController.GetUserById (propertyManagement) in 8.2597ms
2026-06-04 20:06:09.556 +05:30 [INF] Executed endpoint 'propertyManagement.Controllers.UserController.GetUserById (propertyManagement)'
2026-06-04 20:06:09.556 +05:30 [INF] Request finished HTTP/1.1 GET http://localhost:5104/api/User/register - 400 null application/problem+json; charset=utf-8 26.1343ms
2026-06-04 20:06:10.031 +05:30 [INF] Request starting HTTP/1.1 GET http://localhost:5104/favicon.ico - null null
2026-06-04 20:06:10.034 +05:30 [INF] Request finished HTTP/1.1 GET http://localhost:5104/favicon.ico - 404 0 null 3.5507ms
2026-06-04 20:06:10.035 +05:30 [INF] Request reached the end of the middleware pipeline without being handled by application code. Request path: GET http://localhost:5104/favicon.ico, Response status code: 404
2026-06-04 20:35:44.192 +05:30 [INF] Now listening on: http://localhost:5104
2026-06-04 20:35:44.243 +05:30 [INF] Application started. Press Ctrl+C to shut down.
2026-06-04 20:35:44.243 +05:30 [INF] Hosting environment: Development
2026-06-04 20:35:44.243 +05:30 [INF] Content root path: /Users/sabareesht/Documents/genSpark/propertyManagement
2026-06-04 20:35:49.913 +05:30 [INF] Request starting HTTP/1.1 GET http://localhost:5104/swagger/index.html - null null
2026-06-04 20:35:49.959 +05:30 [INF] Request finished HTTP/1.1 GET http://localhost:5104/swagger/index.html - 200 null text/html;charset=utf-8 46.3772ms
2026-06-04 20:35:50.346 +05:30 [INF] Request starting HTTP/1.1 GET http://localhost:5104/swagger/index.js - null null
2026-06-04 20:35:50.347 +05:30 [INF] Request starting HTTP/1.1 GET http://localhost:5104/swagger/index.css - null null
2026-06-04 20:35:50.347 +05:30 [INF] Request starting HTTP/1.1 GET http://localhost:5104/swagger/swagger-ui.css - null null
2026-06-04 20:35:50.347 +05:30 [INF] Request starting HTTP/1.1 GET http://localhost:5104/swagger/swagger-ui-standalone-preset.js - null null
2026-06-04 20:35:50.347 +05:30 [INF] Request finished HTTP/1.1 GET http://localhost:5104/swagger/index.js - 304 null null 1.942ms
2026-06-04 20:35:50.348 +05:30 [INF] Request starting HTTP/1.1 GET http://localhost:5104/swagger/swagger-ui-bundle.js - null null
2026-06-04 20:35:50.351 +05:30 [INF] Request finished HTTP/1.1 GET http://localhost:5104/swagger/index.css - 304 null null 4.51ms
2026-06-04 20:35:50.351 +05:30 [INF] Request finished HTTP/1.1 GET http://localhost:5104/swagger/swagger-ui.css - 304 null null 4.2034ms
2026-06-04 20:35:50.351 +05:30 [INF] Request finished HTTP/1.1 GET http://localhost:5104/swagger/swagger-ui-standalone-preset.js - 304 null null 4.2073ms
2026-06-04 20:35:50.355 +05:30 [INF] Request finished HTTP/1.1 GET http://localhost:5104/swagger/swagger-ui-bundle.js - 304 null null 7.368ms
2026-06-04 20:35:50.457 +05:30 [INF] Request starting HTTP/1.1 GET http://localhost:5104/swagger/v1/swagger.json - null null
2026-06-04 20:35:50.521 +05:30 [INF] Request finished HTTP/1.1 GET http://localhost:5104/swagger/v1/swagger.json - 200 null application/json;charset=utf-8 64.4327ms
2026-06-04 20:35:59.428 +05:30 [INF] Request starting HTTP/1.1 POST http://localhost:5104/api/User/register - application/json 153
2026-06-04 20:35:59.433 +05:30 [WRN] Failed to determine the https port for redirect.
2026-06-04 20:35:59.436 +05:30 [INF] Executing endpoint 'propertyManagement.Controllers.UserController.Register (propertyManagement)'
2026-06-04 20:35:59.450 +05:30 [INF] Route matched with {action = "Register", controller = "User"}. Executing controller action with signature System.Threading.Tasks.Task`1[Microsoft.AspNetCore.Mvc.ActionResult`1[propertyManagement.DTOs.UserResponseDto]] Register(propertyManagement.DTOs.RegisterDto) on controller propertyManagement.Controllers.UserController (propertyManagement).
2026-06-04 20:35:59.541 +05:30 [INF] Executing BadRequestObjectResult, writing value of type 'Microsoft.AspNetCore.Mvc.ValidationProblemDetails'.
2026-06-04 20:35:59.549 +05:30 [INF] Executed action propertyManagement.Controllers.UserController.Register (propertyManagement) in 97.2454ms
2026-06-04 20:35:59.549 +05:30 [INF] Executed endpoint 'propertyManagement.Controllers.UserController.Register (propertyManagement)'
2026-06-04 20:35:59.549 +05:30 [INF] Request finished HTTP/1.1 POST http://localhost:5104/api/User/register - 400 null application/problem+json; charset=utf-8 121.1138ms
2026-06-04 20:36:18.284 +05:30 [INF] Request starting HTTP/1.1 POST http://localhost:5104/api/User/register - application/json 156
2026-06-04 20:36:18.285 +05:30 [INF] Executing endpoint 'propertyManagement.Controllers.UserController.Register (propertyManagement)'
2026-06-04 20:36:18.286 +05:30 [INF] Route matched with {action = "Register", controller = "User"}. Executing controller action with signature System.Threading.Tasks.Task`1[Microsoft.AspNetCore.Mvc.ActionResult`1[propertyManagement.DTOs.UserResponseDto]] Register(propertyManagement.DTOs.RegisterDto) on controller propertyManagement.Controllers.UserController (propertyManagement).
2026-06-04 20:36:19.225 +05:30 [INF] Executed DbCommand (33ms) [Parameters=[@email='?'], CommandType='"Text"', CommandTimeout='30']
SELECT u.id, u.created_at, u.date_of_birth, u.deleted_at, u.email, u.first_name, u.last_name, u.password_hash, u.phone, u.updated_at
FROM users AS u
WHERE u.email = @email
LIMIT 1
2026-06-04 20:36:19.536 +05:30 [INF] Executed DbCommand (6ms) [Parameters=[@p0='?' (DbType = Guid), @p1='?' (DbType = DateTime2), @p2='?' (DbType = Date), @p3='?' (DbType = DateTime2), @p4='?', @p5='?', @p6='?', @p7='?', @p8='?', @p9='?' (DbType = DateTime2)], CommandType='"Text"', CommandTimeout='30']
INSERT INTO users (id, created_at, date_of_birth, deleted_at, email, first_name, last_name, password_hash, phone, updated_at)
VALUES (@p0, @p1, @p2, @p3, @p4, @p5, @p6, @p7, @p8, @p9);
2026-06-04 20:36:19.540 +05:30 [INF] Executing CreatedAtActionResult, writing value of type 'propertyManagement.DTOs.UserResponseDto'.
2026-06-04 20:36:19.549 +05:30 [INF] Executed action propertyManagement.Controllers.UserController.Register (propertyManagement) in 1262.6024ms
2026-06-04 20:36:19.549 +05:30 [INF] Executed endpoint 'propertyManagement.Controllers.UserController.Register (propertyManagement)'
2026-06-04 20:36:19.551 +05:30 [INF] Request finished HTTP/1.1 POST http://localhost:5104/api/User/register - 201 null application/json; charset=utf-8 1266.886ms
2026-06-04 20:38:21.638 +05:30 [INF] Application is shutting down...
2026-06-04 20:38:25.302 +05:30 [INF] Now listening on: http://localhost:5104
2026-06-04 20:38:25.350 +05:30 [INF] Application started. Press Ctrl+C to shut down.
2026-06-04 20:38:25.350 +05:30 [INF] Hosting environment: Development
2026-06-04 20:38:25.350 +05:30 [INF] Content root path: /Users/sabareesht/Documents/genSpark/propertyManagement
2026-06-04 20:39:13.333 +05:30 [INF] Application is shutting down...
2026-06-04 20:39:16.833 +05:30 [INF] Now listening on: http://localhost:5104
2026-06-04 20:39:16.882 +05:30 [INF] Application started. Press Ctrl+C to shut down.
2026-06-04 20:39:16.882 +05:30 [INF] Hosting environment: Development
2026-06-04 20:39:16.882 +05:30 [INF] Content root path: /Users/sabareesht/Documents/genSpark/propertyManagement
2026-06-04 20:39:22.611 +05:30 [INF] Request starting HTTP/1.1 POST http://localhost:5104/api/User/register - application/json 156
2026-06-04 20:39:22.630 +05:30 [WRN] Failed to determine the https port for redirect.
2026-06-04 20:39:22.631 +05:30 [INF] Executing endpoint 'propertyManagement.Controllers.UserController.Register (propertyManagement)'
2026-06-04 20:39:22.641 +05:30 [INF] Route matched with {action = "Register", controller = "User"}. Executing controller action with signature System.Threading.Tasks.Task`1[Microsoft.AspNetCore.Mvc.ActionResult`1[propertyManagement.DTOs.UserResponseDto]] Register(propertyManagement.DTOs.RegisterDto) on controller propertyManagement.Controllers.UserController (propertyManagement).
2026-06-04 20:39:22.712 +05:30 [INF] Executing BadRequestObjectResult, writing value of type 'Microsoft.AspNetCore.Mvc.ValidationProblemDetails'.
2026-06-04 20:39:22.721 +05:30 [INF] Executed action propertyManagement.Controllers.UserController.Register (propertyManagement) in 78.5155ms
2026-06-04 20:39:22.721 +05:30 [INF] Executed endpoint 'propertyManagement.Controllers.UserController.Register (propertyManagement)'
2026-06-04 20:39:22.722 +05:30 [INF] Request finished HTTP/1.1 POST http://localhost:5104/api/User/register - 400 null application/problem+json; charset=utf-8 112.4095ms
2026-06-04 20:40:43.518 +05:30 [INF] Application is shutting down...
2026-06-04 20:40:48.040 +05:30 [INF] Now listening on: http://localhost:5104
2026-06-04 20:40:48.088 +05:30 [INF] Application started. Press Ctrl+C to shut down.
2026-06-04 20:40:48.088 +05:30 [INF] Hosting environment: Development
2026-06-04 20:40:48.088 +05:30 [INF] Content root path: /Users/sabareesht/Documents/genSpark/propertyManagement
2026-06-04 20:40:54.721 +05:30 [INF] Request starting HTTP/1.1 POST http://localhost:5104/api/User/register - application/json 161
2026-06-04 20:40:54.741 +05:30 [WRN] Failed to determine the https port for redirect.
2026-06-04 20:40:54.743 +05:30 [INF] Executing endpoint 'propertyManagement.Controllers.UserController.Register (propertyManagement)'
2026-06-04 20:40:54.753 +05:30 [INF] Route matched with {action = "Register", controller = "User"}. Executing controller action with signature System.Threading.Tasks.Task`1[Microsoft.AspNetCore.Mvc.ActionResult`1[propertyManagement.DTOs.UserResponseDto]] Register(propertyManagement.DTOs.RegisterDto) on controller propertyManagement.Controllers.UserController (propertyManagement).
2026-06-04 20:40:55.412 +05:30 [INF] Executed DbCommand (24ms) [Parameters=[@email='?'], CommandType='"Text"', CommandTimeout='30']
SELECT u.id, u.created_at, u.date_of_birth, u.deleted_at, u.email, u.first_name, u.last_name, u.password_hash, u.phone, u.updated_at
FROM users AS u
WHERE u.email = @email
LIMIT 1
2026-06-04 20:40:55.453 +05:30 [INF] Executed action propertyManagement.Controllers.UserController.Register (propertyManagement) in 698.0663ms
2026-06-04 20:40:55.453 +05:30 [INF] Executed endpoint 'propertyManagement.Controllers.UserController.Register (propertyManagement)'
2026-06-04 20:40:55.462 +05:30 [INF] Request finished HTTP/1.1 POST http://localhost:5104/api/User/register - 400 null application/json; charset=utf-8 741.6467ms
2026-06-04 20:41:24.392 +05:30 [INF] Request starting HTTP/1.1 POST http://localhost:5104/api/User/register - application/json 147
2026-06-04 20:41:24.395 +05:30 [INF] Executing endpoint 'propertyManagement.Controllers.UserController.Register (propertyManagement)'
2026-06-04 20:41:24.395 +05:30 [INF] Route matched with {action = "Register", controller = "User"}. Executing controller action with signature System.Threading.Tasks.Task`1[Microsoft.AspNetCore.Mvc.ActionResult`1[propertyManagement.DTOs.UserResponseDto]] Register(propertyManagement.DTOs.RegisterDto) on controller propertyManagement.Controllers.UserController (propertyManagement).
2026-06-04 20:41:24.401 +05:30 [INF] Executing BadRequestObjectResult, writing value of type 'Microsoft.AspNetCore.Mvc.ValidationProblemDetails'.
2026-06-04 20:41:24.410 +05:30 [INF] Executed action propertyManagement.Controllers.UserController.Register (propertyManagement) in 14.9432ms
2026-06-04 20:41:24.410 +05:30 [INF] Executed endpoint 'propertyManagement.Controllers.UserController.Register (propertyManagement)'
2026-06-04 20:41:24.411 +05:30 [INF] Request finished HTTP/1.1 POST http://localhost:5104/api/User/register - 400 null application/problem+json; charset=utf-8 19.0047ms
