2026-06-09 16:39:21.084 +05:30 [INF] Executed DbCommand (13ms) [Parameters=[], CommandType='"Text"', CommandTimeout='30']
SELECT "MigrationId", "ProductVersion"
FROM "__EFMigrationsHistory"
ORDER BY "MigrationId";
2026-06-09 16:39:21.264 +05:30 [INF] Executed DbCommand (24ms) [Parameters=[], CommandType='"Text"', CommandTimeout='30']
SELECT 1
2026-06-09 16:39:21.352 +05:30 [INF] Executed DbCommand (66ms) [Parameters=[], CommandType='"Text"', CommandTimeout='30']
CREATE TABLE IF NOT EXISTS "__EFMigrationsHistory" (
    "MigrationId" character varying(150) NOT NULL,
    "ProductVersion" character varying(32) NOT NULL,
    CONSTRAINT "PK___EFMigrationsHistory" PRIMARY KEY ("MigrationId")
);
2026-06-09 16:39:21.360 +05:30 [INF] Acquiring an exclusive lock for migration application. See https://aka.ms/efcore-docs-migrations-lock for more information if this takes too long.
2026-06-09 16:39:21.397 +05:30 [INF] Executed DbCommand (37ms) [Parameters=[], CommandType='"Text"', CommandTimeout='30']
LOCK TABLE "__EFMigrationsHistory" IN ACCESS EXCLUSIVE MODE
2026-06-09 16:39:21.399 +05:30 [INF] Executed DbCommand (1ms) [Parameters=[], CommandType='"Text"', CommandTimeout='30']
SELECT "MigrationId", "ProductVersion"
FROM "__EFMigrationsHistory"
ORDER BY "MigrationId";
2026-06-09 16:39:21.402 +05:30 [INF] Applying migration '20260609110913_RemoveLeaseType'.
2026-06-09 16:39:21.451 +05:30 [INF] Executed DbCommand (30ms) [Parameters=[], CommandType='"Text"', CommandTimeout='30']
ALTER TABLE lease_proposals DROP CONSTRAINT lease_proposals_lease_type_id_fkey;
2026-06-09 16:39:21.459 +05:30 [INF] Executed DbCommand (7ms) [Parameters=[], CommandType='"Text"', CommandTimeout='30']
ALTER TABLE leases DROP CONSTRAINT leases_lease_type_id_fkey;
2026-06-09 16:39:21.485 +05:30 [INF] Executed DbCommand (26ms) [Parameters=[], CommandType='"Text"', CommandTimeout='30']
DROP TABLE lease_types;
2026-06-09 16:39:21.486 +05:30 [INF] Executed DbCommand (0ms) [Parameters=[], CommandType='"Text"', CommandTimeout='30']
DROP INDEX "IX_leases_lease_type_id";
2026-06-09 16:39:21.486 +05:30 [INF] Executed DbCommand (0ms) [Parameters=[], CommandType='"Text"', CommandTimeout='30']
DROP INDEX "IX_lease_proposals_lease_type_id";
2026-06-09 16:39:21.487 +05:30 [INF] Executed DbCommand (1ms) [Parameters=[], CommandType='"Text"', CommandTimeout='30']
ALTER TABLE leases DROP COLUMN lease_type_id;
2026-06-09 16:39:21.488 +05:30 [INF] Executed DbCommand (0ms) [Parameters=[], CommandType='"Text"', CommandTimeout='30']
ALTER TABLE lease_proposals DROP COLUMN lease_type_id;
2026-06-09 16:39:21.509 +05:30 [INF] Executed DbCommand (21ms) [Parameters=[], CommandType='"Text"', CommandTimeout='30']
CREATE TABLE bank_accounts (
    id uuid NOT NULL,
    bank_name character varying(100) NOT NULL,
    account_number character varying(50) NOT NULL,
    account_holder_name character varying(100) NOT NULL,
    ifsc_code character varying(20) NOT NULL,
    created_at timestamp without time zone NOT NULL,
    updated_at timestamp without time zone,
    CONSTRAINT bank_accounts_pkey PRIMARY KEY (id)
);
2026-06-09 16:39:21.522 +05:30 [INF] Executed DbCommand (13ms) [Parameters=[], CommandType='"Text"', CommandTimeout='30']
CREATE TABLE user_bank_accounts (
    user_id uuid NOT NULL,
    bank_account_id uuid NOT NULL,
    CONSTRAINT user_bank_accounts_pkey PRIMARY KEY (user_id, bank_account_id),
    CONSTRAINT user_bank_accounts_bank_account_id_fkey FOREIGN KEY (bank_account_id) REFERENCES bank_accounts (id) ON DELETE CASCADE,
    CONSTRAINT user_bank_accounts_user_id_fkey FOREIGN KEY (user_id) REFERENCES users (id) ON DELETE CASCADE
);
2026-06-09 16:39:21.524 +05:30 [INF] Executed DbCommand (2ms) [Parameters=[], CommandType='"Text"', CommandTimeout='30']
CREATE INDEX "IX_user_bank_accounts_bank_account_id" ON user_bank_accounts (bank_account_id);
2026-06-09 16:39:21.525 +05:30 [INF] Executed DbCommand (0ms) [Parameters=[], CommandType='"Text"', CommandTimeout='30']
INSERT INTO "__EFMigrationsHistory" ("MigrationId", "ProductVersion")
VALUES ('20260609110913_RemoveLeaseType', '10.0.8');
2026-06-09 16:53:48.203 +05:30 [INF] Executed DbCommand (11ms) [Parameters=[], CommandType='"Text"', CommandTimeout='30']
SELECT "MigrationId", "ProductVersion"
FROM "__EFMigrationsHistory"
ORDER BY "MigrationId";
2026-06-09 16:53:48.366 +05:30 [INF] Executed DbCommand (2ms) [Parameters=[], CommandType='"Text"', CommandTimeout='30']
SELECT 1
2026-06-09 16:53:48.394 +05:30 [INF] Executed DbCommand (3ms) [Parameters=[], CommandType='"Text"', CommandTimeout='30']
CREATE TABLE IF NOT EXISTS "__EFMigrationsHistory" (
    "MigrationId" character varying(150) NOT NULL,
    "ProductVersion" character varying(32) NOT NULL,
    CONSTRAINT "PK___EFMigrationsHistory" PRIMARY KEY ("MigrationId")
);
2026-06-09 16:53:48.398 +05:30 [INF] Acquiring an exclusive lock for migration application. See https://aka.ms/efcore-docs-migrations-lock for more information if this takes too long.
2026-06-09 16:53:48.399 +05:30 [INF] Executed DbCommand (1ms) [Parameters=[], CommandType='"Text"', CommandTimeout='30']
LOCK TABLE "__EFMigrationsHistory" IN ACCESS EXCLUSIVE MODE
2026-06-09 16:53:48.401 +05:30 [INF] Executed DbCommand (1ms) [Parameters=[], CommandType='"Text"', CommandTimeout='30']
SELECT "MigrationId", "ProductVersion"
FROM "__EFMigrationsHistory"
ORDER BY "MigrationId";
2026-06-09 16:53:48.404 +05:30 [INF] Applying migration '20260609112340_AddVerifiedByToProperty'.
2026-06-09 16:53:48.426 +05:30 [INF] Executed DbCommand (2ms) [Parameters=[], CommandType='"Text"', CommandTimeout='30']
ALTER TABLE properties ADD verified_by uuid;
2026-06-09 16:53:48.443 +05:30 [INF] Executed DbCommand (16ms) [Parameters=[], CommandType='"Text"', CommandTimeout='30']
CREATE INDEX "IX_properties_verified_by" ON properties (verified_by);
2026-06-09 16:53:48.465 +05:30 [INF] Executed DbCommand (22ms) [Parameters=[], CommandType='"Text"', CommandTimeout='30']
ALTER TABLE properties ADD CONSTRAINT properties_verified_by_fkey FOREIGN KEY (verified_by) REFERENCES users (id);
2026-06-09 16:53:48.466 +05:30 [INF] Executed DbCommand (1ms) [Parameters=[], CommandType='"Text"', CommandTimeout='30']
INSERT INTO "__EFMigrationsHistory" ("MigrationId", "ProductVersion")
VALUES ('20260609112340_AddVerifiedByToProperty', '10.0.8');
2026-06-09 17:01:14.158 +05:30 [INF] Executed DbCommand (10ms) [Parameters=[], CommandType='"Text"', CommandTimeout='30']
SELECT "MigrationId", "ProductVersion"
FROM "__EFMigrationsHistory"
ORDER BY "MigrationId";
2026-06-09 17:01:14.303 +05:30 [INF] Executed DbCommand (2ms) [Parameters=[], CommandType='"Text"', CommandTimeout='30']
SELECT 1
2026-06-09 17:01:14.325 +05:30 [INF] Executed DbCommand (2ms) [Parameters=[], CommandType='"Text"', CommandTimeout='30']
CREATE TABLE IF NOT EXISTS "__EFMigrationsHistory" (
    "MigrationId" character varying(150) NOT NULL,
    "ProductVersion" character varying(32) NOT NULL,
    CONSTRAINT "PK___EFMigrationsHistory" PRIMARY KEY ("MigrationId")
);
2026-06-09 17:01:14.329 +05:30 [INF] Acquiring an exclusive lock for migration application. See https://aka.ms/efcore-docs-migrations-lock for more information if this takes too long.
2026-06-09 17:01:14.330 +05:30 [INF] Executed DbCommand (1ms) [Parameters=[], CommandType='"Text"', CommandTimeout='30']
LOCK TABLE "__EFMigrationsHistory" IN ACCESS EXCLUSIVE MODE
2026-06-09 17:01:14.330 +05:30 [INF] Executed DbCommand (0ms) [Parameters=[], CommandType='"Text"', CommandTimeout='30']
SELECT "MigrationId", "ProductVersion"
FROM "__EFMigrationsHistory"
ORDER BY "MigrationId";
2026-06-09 17:01:14.332 +05:30 [INF] No migrations were applied. The database is already up to date.
