2026-06-07 12:04:21.586 +05:30 [INF] Executed DbCommand (11ms) [Parameters=[], CommandType='"Text"', CommandTimeout='30']
SELECT "MigrationId", "ProductVersion"
FROM "__EFMigrationsHistory"
ORDER BY "MigrationId";
2026-06-07 12:04:21.742 +05:30 [INF] Executed DbCommand (9ms) [Parameters=[], CommandType='"Text"', CommandTimeout='30']
SELECT 1
2026-06-07 12:04:21.809 +05:30 [INF] Executed DbCommand (47ms) [Parameters=[], CommandType='"Text"', CommandTimeout='30']
CREATE TABLE IF NOT EXISTS "__EFMigrationsHistory" (
    "MigrationId" character varying(150) NOT NULL,
    "ProductVersion" character varying(32) NOT NULL,
    CONSTRAINT "PK___EFMigrationsHistory" PRIMARY KEY ("MigrationId")
);
2026-06-07 12:04:21.813 +05:30 [INF] Acquiring an exclusive lock for migration application. See https://aka.ms/efcore-docs-migrations-lock for more information if this takes too long.
2026-06-07 12:04:21.817 +05:30 [INF] Executed DbCommand (4ms) [Parameters=[], CommandType='"Text"', CommandTimeout='30']
LOCK TABLE "__EFMigrationsHistory" IN ACCESS EXCLUSIVE MODE
2026-06-07 12:04:21.817 +05:30 [INF] Executed DbCommand (0ms) [Parameters=[], CommandType='"Text"', CommandTimeout='30']
SELECT "MigrationId", "ProductVersion"
FROM "__EFMigrationsHistory"
ORDER BY "MigrationId";
2026-06-07 12:04:21.821 +05:30 [INF] Applying migration '20260607062645_AddUserVerificationSchema'.
2026-06-07 12:04:21.873 +05:30 [INF] Executed DbCommand (34ms) [Parameters=[], CommandType='"Text"', CommandTimeout='30']
CREATE TABLE user_verifications (
    id uuid NOT NULL,
    user_id uuid NOT NULL,
    status character varying(50) NOT NULL DEFAULT 'Pending',
    remarks text,
    verified_by uuid,
    created_at timestamp without time zone NOT NULL DEFAULT (CURRENT_TIMESTAMP),
    updated_at timestamp without time zone,
    CONSTRAINT user_verifications_pkey PRIMARY KEY (id),
    CONSTRAINT user_verifications_user_id_fkey FOREIGN KEY (user_id) REFERENCES users (id),
    CONSTRAINT user_verifications_verified_by_fkey FOREIGN KEY (verified_by) REFERENCES users (id) ON DELETE SET NULL
);
2026-06-07 12:04:21.878 +05:30 [INF] Executed DbCommand (5ms) [Parameters=[], CommandType='"Text"', CommandTimeout='30']
CREATE TABLE user_verification_documents (
    user_verification_id uuid NOT NULL,
    document_id uuid NOT NULL,
    CONSTRAINT user_verification_documents_pkey PRIMARY KEY (user_verification_id, document_id),
    CONSTRAINT user_verification_documents_document_id_fkey FOREIGN KEY (document_id) REFERENCES documents (id),
    CONSTRAINT user_verification_documents_user_verification_id_fkey FOREIGN KEY (user_verification_id) REFERENCES user_verifications (id)
);
2026-06-07 12:04:21.880 +05:30 [INF] Executed DbCommand (2ms) [Parameters=[], CommandType='"Text"', CommandTimeout='30']
CREATE INDEX "IX_user_verification_documents_document_id" ON user_verification_documents (document_id);
2026-06-07 12:04:21.881 +05:30 [INF] Executed DbCommand (1ms) [Parameters=[], CommandType='"Text"', CommandTimeout='30']
CREATE INDEX "IX_user_verifications_user_id" ON user_verifications (user_id);
2026-06-07 12:04:21.882 +05:30 [INF] Executed DbCommand (1ms) [Parameters=[], CommandType='"Text"', CommandTimeout='30']
CREATE INDEX "IX_user_verifications_verified_by" ON user_verifications (verified_by);
2026-06-07 12:04:21.883 +05:30 [INF] Executed DbCommand (1ms) [Parameters=[], CommandType='"Text"', CommandTimeout='30']
INSERT INTO "__EFMigrationsHistory" ("MigrationId", "ProductVersion")
VALUES ('20260607062645_AddUserVerificationSchema', '10.0.8');
